1620764225672	geckodriver	INFO	Listening on 127.0.0.1:60407
1620764228656	mozrunner::runner	INFO	Running command: "C:\\Program Files\\Firefox Nightly\\firefox.exe" "--marionette" "-headless" "-foreground" "-no-remote" "-profile" "C:\\Users\\Jesse\\AppData\\Local\\Temp\\rust_mozprofileBXePa7"
*** You are running in headless mode.
1620764228966	Marionette	INFO	Marionette enabled
[GFX1-]: RenderCompositorSWGL failed mapping default framebuffer, no dt
console.warn: SearchSettings: "get: No settings file exists, new profile?" (new NotFoundError("Could not open the file at C:\\Users\\Jesse\\AppData\\Local\\Temp\\rust_mozprofileBXePa7\\search.json.mozlz4", (void 0)))
1620764230186	Marionette	INFO	Listening on port 60415
1620764230221	Marionette	WARN	TLS certificate errors will be ignored for this session
JavaScript error: https://static.coingecko.com/packs/js/application-1362d60e1b8825f7aa35.chunk.js, line 1: TypeError: can't access property "checked", i is null
JavaScript warning: https://pagead2.googlesyndication.com/bg/DyQI0nSy6BUFz1wbhNnw1YMoJJCDSr_iJxDmlzQsBeQ.js line 1 > eval line 7712 > eval line 1 > eval, line 1: Failed to create WebGL context: WebGL creation failed: 
* Can't use WebGL in headless mode (https://bugzil.la/1375585). ()
JavaScript warning: https://pagead2.googlesyndication.com/bg/DyQI0nSy6BUFz1wbhNnw1YMoJJCDSr_iJxDmlzQsBeQ.js line 1 > eval line 7578 > eval line 1 > eval, line 1: Failed to create WebGL context: WebGL creation failed: 
* Can't use WebGL in headless mode (https://bugzil.la/1375585). ()
JavaScript warning: https://pagead2.googlesyndication.com/bg/DyQI0nSy6BUFz1wbhNnw1YMoJJCDSr_iJxDmlzQsBeQ.js line 1 > eval line 6855 > eval line 1 > eval, line 1: Failed to create WebGL context: WebGL creation failed: 
* Can't use WebGL in headless mode (https://bugzil.la/1375585). ()
JavaScript error: https://static.coingecko.com/packs/js/application-1362d60e1b8825f7aa35.chunk.js, line 1: TypeError: can't access property "checked", i is null
JavaScript warning: https://pagead2.googlesyndication.com/bg/DyQI0nSy6BUFz1wbhNnw1YMoJJCDSr_iJxDmlzQsBeQ.js line 1 > eval line 6304 > eval line 1 > eval, line 1: Failed to create WebGL context: WebGL creation failed: 
* Can't use WebGL in headless mode (https://bugzil.la/1375585). ()
JavaScript warning: https://pagead2.googlesyndication.com/bg/DyQI0nSy6BUFz1wbhNnw1YMoJJCDSr_iJxDmlzQsBeQ.js line 1 > eval line 5331 > eval, line 1: Failed to create WebGL context: WebGL creation failed: 
* Can't use WebGL in headless mode (https://bugzil.la/1375585). ()
